<?xml version="1.0" encoding="UTF-8"?>
<!-- Generated by org.testng.reporters.JUnitXMLReporter -->
<testsuite ignored="0" hostname="ACER-NITRO" failures="1" tests="2" name="Error Validation Test" time="25.09" errors="0" timestamp="2024-02-09T16:33:16 IST">
  <testcase classname="mfk.SeleniumFrameworkDesign.ErrorValidationTest" name="loginErrorValidation" time="0.527">
    <failure type="java.lang.AssertionError" message="expected [Incorrect email or password.] but found [Incorrect email password.]">
      <![CDATA[java.lang.AssertionError: expected [Incorrect email or password.] but found [Incorrect email password.]
at mfk.SeleniumFrameworkDesign.ErrorValidationTest.loginErrorValidation(ErrorValidationTest.java:20)
at java.base/java.util.ArrayList.forEach(ArrayList.java:1511)
at java.base/java.util.concurrent.FutureTask.run(FutureTask.java:264)
at java.base/java.util.concurrent.ThreadPoolExecutor.runWorker(ThreadPoolExecutor.java:1136)
at java.base/java.util.concurrent.ThreadPoolExecutor$Worker.run(ThreadPoolExecutor.java:635)
at java.base/java.lang.Thread.run(Thread.java:833)
... Removed 23 stack frames]]>
    </failure>
  </testcase> <!-- loginErrorValidation -->
  <testcase classname="mfk.SeleniumFrameworkDesign.ErrorValidationTest" name="productErrorValidation" time="13.703"/>
</testsuite> <!-- Error Validation Test -->
